<?xml version="1.0" encoding="UTF-8"?>
<!-- Generated by org.testng.reporters.JUnitXMLReporter -->
<testsuite hostname="ntpc02201" name="TC_REG_MUK_161" tests="1" failures="1" timestamp="6 Aug 2018 06:56:33 GMT" time="216.835" errors="0">
  <testcase name="tc_REG_MUK_161" time="153.798" classname="com.selenium.mothercare.testcases.SuiteCheckout_Desktop.TC_REG_MUK_161">
    <failure type="java.lang.AssertionError" message="Not able to click on element - savedCard_card_xpath OR element not visible currently. - element not visible
  (Session info: chrome=57.0.2987.133)
  (Driver info: chromedriver=2.29.461591 (62ebf098771772160f391d75e589dc567915b233),platform=Windows NT 6.1.7601 SP1 x86_64) (WARNING: The server did not provide any stacktrace information)
Command duration or timeout: 9 milliseconds
Build info: version: &amp;apos;3.1.0&amp;apos;, revision: &amp;apos;b94c902&amp;apos;, time: &amp;apos;2017-02-16 12:21:31 -0800&amp;apos;
System info: host: &amp;apos;NTPC02201&amp;apos;, ip: &amp;apos;192.168.160.117&amp;apos;, os.name: &amp;apos;Windows 7&amp;apos;, os.arch: &amp;apos;x86&amp;apos;, os.version: &amp;apos;6.1&amp;apos;, java.version: &amp;apos;1.8.0_144&amp;apos;
Driver info: org.openqa.selenium.chrome.ChromeDriver
Capabilities [{applicationCacheEnabled=false, rotatable=false, mobileEmulationEnabled=false, networkConnectionEnabled=false, chrome={chromedriverVersion=2.29.461591 (62ebf098771772160f391d75e589dc567915b233), userDataDir=C:\Users\VIKRAN~1.RAT\AppData\Local\Temp\scoped_dir5060_13486}, takesHeapSnapshot=true, pageLoadStrategy=normal, databaseEnabled=false, handlesAlerts=true, hasTouchScreen=false, version=57.0.2987.133, platform=XP, browserConnectionEnabled=false, nativeEvents=true, acceptSslCerts=true, locationContextEnabled=true, webStorageEnabled=true, browserName=chrome, takesScreenshot=true, javascriptEnabled=true, cssSelectorsEnabled=true, unexpectedAlertBehaviour=}]
Session ID: c0c865e42cfff28dc6a779c8e84b5f98">
      <![CDATA[java.lang.AssertionError: Not able to click on element - savedCard_card_xpath OR element not visible currently. - element not visible
  (Session info: chrome=57.0.2987.133)
  (Driver info: chromedriver=2.29.461591 (62ebf098771772160f391d75e589dc567915b233),platform=Windows NT 6.1.7601 SP1 x86_64) (WARNING: The server did not provide any stacktrace information)
Command duration or timeout: 9 milliseconds
Build info: version: '3.1.0', revision: 'b94c902', time: '2017-02-16 12:21:31 -0800'
System info: host: 'NTPC02201', ip: '192.168.160.117', os.name: 'Windows 7', os.arch: 'x86', os.version: '6.1', java.version: '1.8.0_144'
Driver info: org.openqa.selenium.chrome.ChromeDriver
Capabilities [{applicationCacheEnabled=false, rotatable=false, mobileEmulationEnabled=false, networkConnectionEnabled=false, chrome={chromedriverVersion=2.29.461591 (62ebf098771772160f391d75e589dc567915b233), userDataDir=C:\Users\VIKRAN~1.RAT\AppData\Local\Temp\scoped_dir5060_13486}, takesHeapSnapshot=true, pageLoadStrategy=normal, databaseEnabled=false, handlesAlerts=true, hasTouchScreen=false, version=57.0.2987.133, platform=XP, browserConnectionEnabled=false, nativeEvents=true, acceptSslCerts=true, locationContextEnabled=true, webStorageEnabled=true, browserName=chrome, takesScreenshot=true, javascriptEnabled=true, cssSelectorsEnabled=true, unexpectedAlertBehaviour=}]
Session ID: c0c865e42cfff28dc6a779c8e84b5f98
	at com.selenium.core.base.TestBase.reportFailure(TestBase.java:1051)
	at com.selenium.core.base.TestBase.click(TestBase.java:253)
	at com.selenium.core.base.TestBase.payWithCreditCard(TestBase.java:2079)
	at com.selenium.mothercare.testcases.SuiteCheckout_Desktop.TC_REG_MUK_161.tc_REG_MUK_161(TC_REG_MUK_161.java:81)
... Removed 26 stack frames]]>
    </failure>
  </testcase> <!-- tc_REG_MUK_161 -->
</testsuite> <!-- TC_REG_MUK_161 -->
