<html>
<head>
<title>TestNG:  TC_REG_MUK_243</title>
<link href="../testng.css" rel="stylesheet" type="text/css" />
<link href="../my-testng.css" rel="stylesheet" type="text/css" />

<style type="text/css">
.log { display: none;} 
.stack-trace { display: none;} 
</style>
<script type="text/javascript">
<!--
function flip(e) {
  current = e.style.display;
  if (current == 'block') {
    e.style.display = 'none';
    return 0;
  }
  else {
    e.style.display = 'block';
    return 1;
  }
}

function toggleBox(szDivId, elem, msg1, msg2)
{
  var res = -1;  if (document.getElementById) {
    res = flip(document.getElementById(szDivId));
  }
  else if (document.all) {
    // this is the way old msie versions work
    res = flip(document.all[szDivId]);
  }
  if(elem) {
    if(res == 0) elem.innerHTML = msg1; else elem.innerHTML = msg2;
  }

}

function toggleAllBoxes() {
  if (document.getElementsByTagName) {
    d = document.getElementsByTagName('div');
    for (i = 0; i < d.length; i++) {
      if (d[i].className == 'log') {
        flip(d[i]);
      }
    }
  }
}

// -->
</script>

</head>
<body>
<h2 align='center'>TC_REG_MUK_243</h2><table border='1' align="center">
<tr>
<td>Tests passed/Failed/Skipped:</td><td>0/0/1</td>
</tr><tr>
<td>Started on:</td><td>Mon Aug 06 12:01:35 IST 2018</td>
</tr>
<tr><td>Total time:</td><td>0 seconds (16 ms)</td>
</tr><tr>
<td>Included groups:</td><td></td>
</tr><tr>
<td>Excluded groups:</td><td></td>
</tr>
</table><p/>
<small><i>(Hover the method name to see the test class name)</i></small><p/>
<table width='100%' border='1' class='invocation-skipped'>
<tr><td colspan='4' align='center'><b>SKIPPED CONFIGURATIONS</b></td></tr>
<tr><td><b>Test method</b></td>
<td width="30%"><b>Exception</b></td>
<td width="10%"><b>Time (seconds)</b></td>
<td><b>Instance</b></td>
</tr>
<tr>
<td title='com.selenium.mothercare.testcases.SuiteCheckout_Desktop.TC_REG_MUK_243.checkTestRunnable()'><b>checkTestRunnable</b><br>Test class: com.selenium.mothercare.testcases.SuiteCheckout_Desktop.TC_REG_MUK_243</td>
<td><div><pre>org.testng.SkipException: Skipping the test case as Runmode is set to NO
	at com.selenium.mothercare.testcases.SuiteCheckout_Desktop.TC_REG_MUK_243.checkTestRunnable(TC_REG_MUK_243.java:144)
... Removed 23 stack frames</pre></div><a href='#' onClick='toggleBox("stack-trace5000193", this, "Click to show all stack frames", "Click to hide stack frames")'>Click to show all stack frames</a>
<div class='stack-trace' id='stack-trace5000193'><pre>org.testng.SkipException: Skipping the test case as Runmode is set to NO
	at com.selenium.mothercare.testcases.SuiteCheckout_Desktop.TC_REG_MUK_243.checkTestRunnable(TC_REG_MUK_243.java:144)
	at sun.reflect.NativeMethodAccessorImpl.invoke0(Native Method)
	at sun.reflect.NativeMethodAccessorImpl.invoke(NativeMethodAccessorImpl.java:62)
	at sun.reflect.DelegatingMethodAccessorImpl.invoke(DelegatingMethodAccessorImpl.java:43)
	at java.lang.reflect.Method.invoke(Method.java:498)
	at org.testng.internal.MethodInvocationHelper.invokeMethod(MethodInvocationHelper.java:80)
	at org.testng.internal.Invoker.invokeConfigurationMethod(Invoker.java:564)
	at org.testng.internal.Invoker.invokeConfigurations(Invoker.java:213)
	at org.testng.internal.Invoker.invokeConfigurations(Invoker.java:138)
	at org.testng.TestRunner.beforeRun(TestRunner.java:641)
	at org.testng.TestRunner.run(TestRunner.java:609)
	at org.testng.SuiteRunner.runTest(SuiteRunner.java:334)
	at org.testng.SuiteRunner.runSequentially(SuiteRunner.java:329)
	at org.testng.SuiteRunner.privateRun(SuiteRunner.java:291)
	at org.testng.SuiteRunner.run(SuiteRunner.java:240)
	at org.testng.SuiteRunnerWorker.runSuite(SuiteRunnerWorker.java:52)
	at org.testng.SuiteRunnerWorker.run(SuiteRunnerWorker.java:86)
	at org.testng.TestNG.runSuitesSequentially(TestNG.java:1198)
	at org.testng.TestNG.runSuitesSequentially(TestNG.java:1194)
	at org.testng.TestNG.runSuitesLocally(TestNG.java:1123)
	at org.testng.TestNG.run(TestNG.java:1031)
	at org.testng.remote.AbstractRemoteTestNG.run(AbstractRemoteTestNG.java:114)
	at org.testng.remote.RemoteTestNG.initAndRun(RemoteTestNG.java:251)
	at org.testng.remote.RemoteTestNG.main(RemoteTestNG.java:77)
</pre></div></td>
<td>0</td>
<td>null</td></tr>
<tr>
<td title='com.selenium.mothercare.testcases.SuiteCheckout_Desktop.TC_REG_MUK_243.init()'><b>init</b><br>Test class: com.selenium.mothercare.testcases.SuiteCheckout_Desktop.TC_REG_MUK_243</td>
<td></td>
<td>0</td>
<td>com.selenium.mothercare.testcases.SuiteCheckout_Desktop.TC_REG_MUK_243@4102b8</td></tr>
<tr>
<td title='com.selenium.mothercare.testcases.SuiteCheckout_Desktop.TC_REG_MUK_243.quit()'><b>quit</b><br>Test class: com.selenium.mothercare.testcases.SuiteCheckout_Desktop.TC_REG_MUK_243</td>
<td></td>
<td>0</td>
<td>com.selenium.mothercare.testcases.SuiteCheckout_Desktop.TC_REG_MUK_243@4102b8</td></tr>
<tr>
<td title='com.selenium.mothercare.testcases.SuiteCheckout_Desktop.TC_REG_MUK_243.tearDown()'><b>tearDown</b><br>Test class: com.selenium.mothercare.testcases.SuiteCheckout_Desktop.TC_REG_MUK_243</td>
<td></td>
<td>0</td>
<td>null</td></tr>
</table><p>
<table width='100%' border='1' class='invocation-skipped'>
<tr><td colspan='4' align='center'><b>SKIPPED TESTS</b></td></tr>
<tr><td><b>Test method</b></td>
<td width="30%"><b>Exception</b></td>
<td width="10%"><b>Time (seconds)</b></td>
<td><b>Instance</b></td>
</tr>
<tr>
<td title='com.selenium.mothercare.testcases.SuiteCheckout_Desktop.TC_REG_MUK_243.tC_REG_MUK_243()'><b>tC_REG_MUK_243</b><br>Test class: com.selenium.mothercare.testcases.SuiteCheckout_Desktop.TC_REG_MUK_243<br>Parameters: {Username=savedcard@mailinator.com, EmailAdd=t1_1359732862_per@javelingroup.com, PayPalPassword=359732825, Password=Test_1234, Runmode=Y, StandardProduct=511423}</td>
<td></td>
<td>0</td>
<td>com.selenium.mothercare.testcases.SuiteCheckout_Desktop.TC_REG_MUK_243@4102b8</td></tr>
</table><p>
</body>
</html>